<?xml version="1.0" encoding="UTF-8"?>
<testsuite xmlns:xsi="http://www.w3.org/2001/XMLSchema-instance" xsi:noNamespaceSchemaLocation="https://maven.apache.org/surefire/maven-surefire-plugin/xsd/surefire-test-report-3.0.xsd" version="3.0" name="com.example.appareil.AppareilApplicationTests" time="15.173" tests="1" errors="0" skipped="0" failures="0">
  <properties>
[...]
</properties>
  <testcase name="contextLoads" classname="com.example.appareil.AppareilApplicationTests" time="1.459">
    <system-out><![CDATA[19:45:17.302 [main] INFO org.springframework.test.context.support.AnnotationConfigContextLoaderUtils -- Could not detect default configuration classes for test class [com.example.appareil.AppareilApplicationTests]: AppareilApplicationTests does not declare any static, non-private, non-final, nested classes annotated with @Configuration.
19:45:17.592 [main] INFO org.springframework.boot.test.context.SpringBootTestContextBootstrapper -- Found @SpringBootConfiguration com.example.appareil.AppareilApplication for test class com.example.appareil.AppareilApplicationTests

  .   ____          _            __ _ _
 /\\ / ___'_ __ _ _(_)_ __  __ _ \ \ \ \
( ( )\___ | '_ | '_| | '_ \/ _` | \ \ \ \
 \\/  ___)| |_)| | | | | || (_| |  ) ) ) )
  '  |____| .__|_| |_|_| |_\__, | / / / /
 =========|_|==============|___/=/_/_/_/
 :: Spring Boot ::                (v3.1.5)

2023-12-12T19:45:18.873+01:00  INFO 25540 --- [           main] c.e.appareil.AppareilApplicationTests    : Starting AppareilApplicationTests using Java 17.0.9 with PID 25540 (started by lenovo in C:\Users\lenovo\smarthouse\smarthouse\Smart_Home_back)
2023-12-12T19:45:18.876+01:00  INFO 25540 --- [           main] c.e.appareil.AppareilApplicationTests    : No active profile set, falling back to 1 default profile: "default"
2023-12-12T19:45:20.737+01:00  INFO 25540 --- [           main] .s.d.r.c.RepositoryConfigurationDelegate : Bootstrapping Spring Data JPA repositories in DEFAULT mode.
2023-12-12T19:45:20.886+01:00  INFO 25540 --- [           main] .s.d.r.c.RepositoryConfigurationDelegate : Finished Spring Data repository scanning in 129 ms. Found 2 JPA repository interfaces.
2023-12-12T19:45:22.660+01:00  INFO 25540 --- [           main] o.hibernate.jpa.internal.util.LogHelper  : HHH000204: Processing PersistenceUnitInfo [name: default]
2023-12-12T19:45:22.966+01:00  INFO 25540 --- [           main] org.hibernate.Version                    : HHH000412: Hibernate ORM core version 6.2.13.Final
2023-12-12T19:45:22.969+01:00  INFO 25540 --- [           main] org.hibernate.cfg.Environment            : HHH000406: Using bytecode reflection optimizer
2023-12-12T19:45:23.809+01:00  INFO 25540 --- [           main] o.s.o.j.p.SpringPersistenceUnitInfo      : No LoadTimeWeaver setup: ignoring JPA class transformer
2023-12-12T19:45:23.874+01:00  INFO 25540 --- [           main] com.zaxxer.hikari.HikariDataSource       : HikariPool-1 - Starting...
2023-12-12T19:45:24.406+01:00  INFO 25540 --- [           main] com.zaxxer.hikari.pool.HikariPool        : HikariPool-1 - Added connection com.mysql.cj.jdbc.ConnectionImpl@3e74fd84
2023-12-12T19:45:24.414+01:00  INFO 25540 --- [           main] com.zaxxer.hikari.HikariDataSource       : HikariPool-1 - Start completed.
2023-12-12T19:45:24.603+01:00  WARN 25540 --- [           main] org.hibernate.dialect.Dialect            : HHH000511: The 5.5.0 version for [org.hibernate.dialect.MySQLDialect] is no longer supported, hence certain features may not work properly. The minimum supported version is 5.7.0. Check the community dialects project for available legacy versions.
2023-12-12T19:45:24.631+01:00  WARN 25540 --- [           main] org.hibernate.orm.deprecation            : HHH90000025: MySQLDialect does not need to be specified explicitly using 'hibernate.dialect' (remove the property setting and it will be selected by default)
2023-12-12T19:45:26.605+01:00  INFO 25540 --- [           main] o.h.e.t.j.p.i.JtaPlatformInitiator       : HHH000489: No JTA platform available (set 'hibernate.transaction.jta.platform' to enable JTA platform integration)
2023-12-12T19:45:26.867+01:00  INFO 25540 --- [           main] j.LocalContainerEntityManagerFactoryBean : Initialized JPA EntityManagerFactory for persistence unit 'default'
2023-12-12T19:45:30.561+01:00  INFO 25540 --- [           main] c.e.appareil.AppareilApplicationTests    : Started AppareilApplicationTests in 12.604 seconds (process running for 15.176)
]]></system-out>
  </testcase>
</testsuite>